2026.06.26 22:57:32 INFO  Started: Metals version 1.6.7 in folders 'C:\Users\Facu\Desktop\ppai\implementacion' for client Visual Studio Code 1.125.1.
2026.06.26 22:57:32 INFO  Memory monitor started
2026.06.26 22:57:35 WARN  Using H2 2.4.240 which is newer than the version Flyway has been verified with. The latest verified version of H2 is 2.3.232.
2026.06.26 22:58:26 INFO  Shutting down server
2026.06.26 22:58:26 INFO  Memory monitor stopped
2026.06.26 22:58:26 INFO  shutting down Metals
2026.06.26 22:58:26 ERROR Unexpected error initializing server: 
org.eclipse.lsp4j.jsonrpc.ResponseErrorException: Request window/showMessageRequest failed with message: Canceled
	at org.eclipse.lsp4j.jsonrpc.RemoteEndpoint.handleResponse(RemoteEndpoint.java:214)
	at org.eclipse.lsp4j.jsonrpc.RemoteEndpoint.consume(RemoteEndpoint.java:198)
	at org.eclipse.lsp4j.jsonrpc.json.StreamMessageProducer.handleMessage(StreamMessageProducer.java:189)
	at org.eclipse.lsp4j.jsonrpc.json.StreamMessageProducer.listen(StreamMessageProducer.java:97)
	at org.eclipse.lsp4j.jsonrpc.json.ConcurrentMessageProcessor.run(ConcurrentMessageProcessor.java:97)
	at java.util.concurrent.Executors$RunnableAdapter.call(Executors.java:545)
	at java.util.concurrent.FutureTask.run(FutureTask.java:328)
	at java.util.concurrent.ThreadPoolExecutor.runWorker(ThreadPoolExecutor.java:1095)
	at java.util.concurrent.ThreadPoolExecutor$Worker.run(ThreadPoolExecutor.java:619)
	at java.lang.Thread.run(Thread.java:1447)

2026.06.26 22:58:26 INFO  Exiting server
2026.06.26 23:06:11 INFO  Started: Metals version 1.6.7 in folders 'C:\Users\Facu\Desktop\ppai\implementacion' for client Visual Studio Code 1.126.0.
2026.06.26 23:06:11 INFO  Memory monitor started
2026.06.26 23:06:13 WARN  Using H2 2.4.240 which is newer than the version Flyway has been verified with. The latest verified version of H2 is 2.3.232.
2026.06.26 23:06:16 INFO  no build target found for C:\Users\Facu\Desktop\ppai\implementacion\backend\src\main\java\com\ppai\cu36\repository\DataRepository.java. Using fallback presentation compiler.
2026.06.26 23:06:21 WARN  no build target for: C:\Users\Facu\Desktop\ppai\implementacion\backend\src\main\java\com\ppai\cu36\repository\DataRepository.java
jun 26, 2026 11:06:21 P. M. org.eclipse.lsp4j.jsonrpc.RemoteEndpoint handleCancellation
WARNING: Unmatched cancel notification for request id 1
2026.06.26 23:06:21 INFO  no build target found for C:\Users\Facu\Desktop\ppai\implementacion\backend\src\main\java\com\ppai\cu36\repository\DataRepository.java. Using fallback presentation compiler.
2026.06.26 23:06:21 INFO  no build target found for C:\Users\Facu\Desktop\ppai\implementacion\backend\src\main\java\com\ppai\cu36\repository\DataRepository.java. Using fallback presentation compiler.
jun 26, 2026 11:06:22 P. M. org.eclipse.lsp4j.jsonrpc.RemoteEndpoint handleCancellation
WARNING: Unmatched cancel notification for request id 4
2026.06.26 23:06:22 WARN  no build target for: C:\Users\Facu\Desktop\ppai\implementacion\backend\src\main\java\com\ppai\cu36\repository\DataRepository.java
2026.06.26 23:06:21 INFO  no build target found for C:\Users\Facu\Desktop\ppai\implementacion\backend\src\main\java\com\ppai\cu36\repository\DataRepository.java. Using fallback presentation compiler.
2026.06.26 23:06:25 INFO  time: code lens generation in 3.23s
2026.06.26 23:06:48 INFO  no build target found for C:\Users\Facu\Desktop\ppai\implementacion\backend\src\main\java\com\ppai\cu36\repository\DataRepository.java. Using fallback presentation compiler.
2026.06.26 23:07:54 WARN  no build target for: C:\Users\Facu\Desktop\ppai\implementacion\backend\src\main\java\com\ppai\cu36\controller\SeguimientoController.java
2026.06.26 23:07:54 INFO  no build target found for C:\Users\Facu\Desktop\ppai\implementacion\backend\src\main\java\com\ppai\cu36\controller\SeguimientoController.java. Using fallback presentation compiler.
2026.06.26 23:07:56 INFO  no build target found for C:\Users\Facu\Desktop\ppai\implementacion\backend\src\main\java\com\ppai\cu36\controller\SeguimientoController.java. Using fallback presentation compiler.
2026.06.26 23:07:56 INFO  no build target found for C:\Users\Facu\Desktop\ppai\implementacion\backend\src\main\java\com\ppai\cu36\controller\SeguimientoController.java. Using fallback presentation compiler.
jun 26, 2026 11:07:57 P. M. org.eclipse.lsp4j.jsonrpc.RemoteEndpoint handleCancellation
WARNING: Unmatched cancel notification for request id 12
2026.06.26 23:07:57 INFO  no build target found for C:\Users\Facu\Desktop\ppai\implementacion\backend\src\main\java\com\ppai\cu36\controller\SeguimientoController.java. Using fallback presentation compiler.
jun 26, 2026 11:07:58 P. M. org.eclipse.lsp4j.jsonrpc.RemoteEndpoint handleCancellation
WARNING: Unmatched cancel notification for request id 17
2026.06.26 23:07:58 INFO  no build target found for C:\Users\Facu\Desktop\ppai\implementacion\backend\src\main\java\com\ppai\cu36\controller\SeguimientoController.java. Using fallback presentation compiler.
2026.06.26 23:45:51 INFO  no build target found for C:\Users\Facu\Desktop\ppai\implementacion\backend\src\main\java\com\ppai\cu36\controller\SeguimientoController.java. Using fallback presentation compiler.
2026.06.26 23:45:54 INFO  Shutting down server
2026.06.26 23:45:54 INFO  Memory monitor stopped
2026.06.26 23:45:54 INFO  shutting down Metals
2026.06.26 23:45:54 INFO  Exiting server
